<?xml version="1.0" encoding="UTF-8"?>
<testsuite name="com.andriod.reader.service.SleepTimerPresetPolicyTest" tests="2" skipped="0" failures="0" errors="0" timestamp="2026-06-21T08:05:06" hostname="WILL-WIN" time="0.0">
  <properties/>
  <testcase name="shouldNotPersistOnSheetClose_whenOff" classname="com.andriod.reader.service.SleepTimerPresetPolicyTest" time="0.0"/>
  <testcase name="shouldPersistOnSheetClose_whenMinutesPositive" classname="com.andriod.reader.service.SleepTimerPresetPolicyTest" time="0.0"/>
  <system-out><![CDATA[]]></system-out>
  <system-err><![CDATA[]]></system-err>
</testsuite>
