<?xml version="1.0" encoding="UTF-8"?>
<testsuite name="com.andriod.reader.data.local.MarkdownParserTest" tests="2" skipped="0" failures="0" errors="0" timestamp="2026-06-21T08:05:06" hostname="WILL-WIN" time="0.029">
  <properties/>
  <testcase name="serialize_roundTrip" classname="com.andriod.reader.data.local.MarkdownParserTest" time="0.028"/>
  <testcase name="parse_withFrontMatter" classname="com.andriod.reader.data.local.MarkdownParserTest" time="0.001"/>
  <system-out><![CDATA[]]></system-out>
  <system-err><![CDATA[]]></system-err>
</testsuite>
