<?xml version="1.0" encoding="UTF-8"?>
<testsuite name="com.andriod.reader.data.repository.SyncPathUtilsTest" tests="2" skipped="0" failures="0" errors="0" timestamp="2026-06-20T12:57:41" hostname="WILL-WIN" time="0.0">
  <properties/>
  <testcase name="normalize_trimsSlashesAndBackslashes" classname="com.andriod.reader.data.repository.SyncPathUtilsTest" time="0.0"/>
  <testcase name="fileBaseName_returnsLastSegment" classname="com.andriod.reader.data.repository.SyncPathUtilsTest" time="0.0"/>
  <system-out><![CDATA[]]></system-out>
  <system-err><![CDATA[]]></system-err>
</testsuite>
