<?xml version="1.0" encoding="UTF-8"?>
<testsuite name="com.andriod.reader.data.local.NotePathNamesTest" tests="6" skipped="0" failures="0" errors="0" timestamp="2026-06-21T08:05:06" hostname="WILL-WIN" time="0.006">
  <properties/>
  <testcase name="buildFolderPath_atRoot" classname="com.andriod.reader.data.local.NotePathNamesTest" time="0.001"/>
  <testcase name="newNoteFileName_inFolder_hasFolderPrefix" classname="com.andriod.reader.data.local.NotePathNamesTest" time="0.003"/>
  <testcase name="buildNotePath_keepsParentFolder" classname="com.andriod.reader.data.local.NotePathNamesTest" time="0.0"/>
  <testcase name="newNoteFileName_atRoot_hasNoFolderPrefix" classname="com.andriod.reader.data.local.NotePathNamesTest" time="0.0"/>
  <testcase name="validateSegment_rejectsSlashes" classname="com.andriod.reader.data.local.NotePathNamesTest" time="0.001"/>
  <testcase name="buildNotePath_forNewNoteInFolder" classname="com.andriod.reader.data.local.NotePathNamesTest" time="0.0"/>
  <system-out><![CDATA[]]></system-out>
  <system-err><![CDATA[]]></system-err>
</testsuite>
