<?xml version="1.0" encoding="UTF-8"?>
<testsuite name="com.andriod.reader.service.LastSleepTimerPresetTest" tests="7" skipped="0" failures="0" errors="0" timestamp="2026-06-21T08:05:06" hostname="WILL-WIN" time="0.003">
  <properties/>
  <testcase name="fromStored_fixedMinutesWhenTypeMissing" classname="com.andriod.reader.service.LastSleepTimerPresetTest" time="0.001"/>
  <testcase name="fromStored_clampsMinutes" classname="com.andriod.reader.service.LastSleepTimerPresetTest" time="0.0"/>
  <testcase name="storedTypeAndMinutes_fixedMinutes" classname="com.andriod.reader.service.LastSleepTimerPresetTest" time="0.0"/>
  <testcase name="storedTypeAndMinutes_afterNoteEnd" classname="com.andriod.reader.service.LastSleepTimerPresetTest" time="0.0"/>
  <testcase name="displaySubtitle_fixedMinutes" classname="com.andriod.reader.service.LastSleepTimerPresetTest" time="0.002"/>
  <testcase name="displaySubtitle_afterNoteEnd" classname="com.andriod.reader.service.LastSleepTimerPresetTest" time="0.0"/>
  <testcase name="fromStored_afterNoteEnd" classname="com.andriod.reader.service.LastSleepTimerPresetTest" time="0.0"/>
  <system-out><![CDATA[]]></system-out>
  <system-err><![CDATA[]]></system-err>
</testsuite>
