<?xml version="1.0" encoding="UTF-8"?>
<testsuite name="com.andriod.reader.data.local.MarkdownPlainTextTest" tests="6" skipped="0" failures="0" errors="0" timestamp="2026-06-20T09:41:46" hostname="WILL-WIN" time="0.002">
  <properties/>
  <testcase name="stripForSpeech_handlesMixedFormatting" classname="com.andriod.reader.data.local.MarkdownPlainTextTest" time="0.001"/>
  <testcase name="stripForSpeech_skipsStrikethroughContent" classname="com.andriod.reader.data.local.MarkdownPlainTextTest" time="0.0"/>
  <testcase name="stripForSpeech_stripsCheckboxPrefix" classname="com.andriod.reader.data.local.MarkdownPlainTextTest" time="0.0"/>
  <testcase name="stripForSpeech_removesBoldMarkers" classname="com.andriod.reader.data.local.MarkdownPlainTextTest" time="0.0"/>
  <testcase name="stripForSpeech_stripsListPrefixes" classname="com.andriod.reader.data.local.MarkdownPlainTextTest" time="0.0"/>
  <testcase name="stripForSpeech_stripsHeadingPrefix" classname="com.andriod.reader.data.local.MarkdownPlainTextTest" time="0.0"/>
  <system-out><![CDATA[]]></system-out>
  <system-err><![CDATA[]]></system-err>
</testsuite>
