<?xml version="1.0" encoding="UTF-8"?>
<testsuite name="com.andriod.reader.ui.list.NoteTreeBrowserTest" tests="4" skipped="0" failures="0" errors="0" timestamp="2026-06-20T10:24:42" hostname="WILL-WIN" time="0.002">
  <properties/>
  <testcase name="listAt_nestedFolder_showsChildFolderAndDirectFiles" classname="com.andriod.reader.ui.list.NoteTreeBrowserTest" time="0.001"/>
  <testcase name="parentFolder_returnsAncestor" classname="com.andriod.reader.ui.list.NoteTreeBrowserTest" time="0.0"/>
  <testcase name="listAt_root_showsImmediateFoldersAndFiles" classname="com.andriod.reader.ui.list.NoteTreeBrowserTest" time="0.001"/>
  <testcase name="isSearchMode_whenQueryPresent" classname="com.andriod.reader.ui.list.NoteTreeBrowserTest" time="0.0"/>
  <system-out><![CDATA[]]></system-out>
  <system-err><![CDATA[]]></system-err>
</testsuite>
