<?xml version="1.0" encoding="UTF-8"?>
<testsuite name="com.andriod.reader.data.local.NoteFileStoreTrashTest" tests="2" skipped="0" failures="0" errors="0" timestamp="2026-06-20T11:04:12" hostname="WILL-WIN" time="0.042">
  <properties/>
  <testcase name="trashFile_moveAndRestore_preservesContent" classname="com.andriod.reader.data.local.NoteFileStoreTrashTest" time="0.014"/>
  <testcase name="trashEntry_syncState_roundTripInJson" classname="com.andriod.reader.data.local.NoteFileStoreTrashTest" time="0.028"/>
  <system-out><![CDATA[]]></system-out>
  <system-err><![CDATA[]]></system-err>
</testsuite>
