<?xml version='1.0' encoding='UTF-8' ?>
<testsuite name="com.andriod.reader.ui.reader.ReaderSleepTimerSheetTest" tests="1" failures="1" errors="0" skipped="0" time="715.409" timestamp="2026-06-21T07:40:46" hostname="localhost">
  <properties>
    <property name="device" value="23127PN0CC - 16" />
    <property name="flavor" value="" />
    <property name="project" value=":app" />
  </properties>
  <testcase name="lastPresetSubtitle_isIndependentOfSliderValue" classname="com.andriod.reader.ui.reader.ReaderSleepTimerSheetTest" time="704.756">
    <failure></failure>
  </testcase>
  <system-err>Test run failed to complete. Instrumentation run failed due to Process crashed.
</system-err>
</testsuite>